[17-Feb-2015 13:27:52 UTC] PHP Parse error:  syntax error, unexpected '{' in /home/ubuntu/workspace/api/hello.php on line 4
[17-Feb-2015 13:28:28 UTC] PHP Parse error:  syntax error, unexpected '{' in /home/ubuntu/workspace/api/hello.php on line 4
[17-Feb-2015 13:34:45 UTC] PHP Notice:  Undefined index: query in /home/ubuntu/workspace/api/index.php on line 10
[17-Feb-2015 13:34:51 UTC] PHP Notice:  Undefined index: query in /home/ubuntu/workspace/api/index.php on line 10
[17-Feb-2015 13:34:56 UTC] PHP Notice:  Undefined index: query in /home/ubuntu/workspace/api/index.php on line 10
[17-Feb-2015 13:34:58 UTC] PHP Notice:  Undefined index: query in /home/ubuntu/workspace/api/index.php on line 10
[17-Feb-2015 13:36:04 UTC] PHP Notice:  Undefined index: query in /home/ubuntu/workspace/api/index.php on line 10
[17-Feb-2015 13:39:04 UTC] PHP Notice:  Undefined index: query in /home/ubuntu/workspace/api/index.php on line 10
[17-Feb-2015 13:52:27 UTC] PHP Fatal error:  Call to a member function execute() on a non-object in /home/ubuntu/workspace/api/index.php on line 25
[17-Feb-2015 13:55:06 UTC] PHP Notice:  Undefined index: query in /home/ubuntu/workspace/api/index.php on line 10
[17-Feb-2015 13:55:27 UTC] PHP Notice:  Undefined index: query in /home/ubuntu/workspace/api/index.php on line 10
[17-Feb-2015 13:55:36 UTC] PHP Notice:  Undefined index: query in /home/ubuntu/workspace/api/index.php on line 10
[17-Feb-2015 14:01:47 UTC] PHP Notice:  Undefined index: query in /home/ubuntu/workspace/api/index.php on line 10
[17-Feb-2015 14:02:18 UTC] PHP Notice:  Undefined index: query in /home/ubuntu/workspace/api/index.php on line 10
[17-Feb-2015 14:05:45 UTC] PHP Notice:  Undefined index: query in /home/ubuntu/workspace/api/index.php on line 10
[17-Feb-2015 14:05:49 UTC] PHP Notice:  Undefined index: query in /home/ubuntu/workspace/api/index.php on line 10
[17-Feb-2015 14:05:54 UTC] PHP Notice:  Undefined index: query in /home/ubuntu/workspace/api/index.php on line 10
[17-Feb-2015 14:05:59 UTC] PHP Notice:  Undefined index: query in /home/ubuntu/workspace/api/index.php on line 10
[17-Feb-2015 14:06:40 UTC] PHP Notice:  Undefined index: query in /home/ubuntu/workspace/api/index.php on line 10
[17-Feb-2015 14:06:43 UTC] PHP Notice:  Undefined index: query in /home/ubuntu/workspace/api/index.php on line 10
[17-Feb-2015 14:06:52 UTC] PHP Notice:  Undefined index: query in /home/ubuntu/workspace/api/index.php on line 10
[17-Feb-2015 14:08:18 UTC] PHP Notice:  Undefined index: query in /home/ubuntu/workspace/api/index.php on line 10
[17-Feb-2015 14:08:24 UTC] PHP Notice:  Undefined index: query in /home/ubuntu/workspace/api/index.php on line 10
[17-Feb-2015 14:08:28 UTC] PHP Notice:  Undefined index: query in /home/ubuntu/workspace/api/index.php on line 10
[17-Feb-2015 14:08:49 UTC] PHP Notice:  Undefined index: query in /home/ubuntu/workspace/api/index.php on line 10
[17-Feb-2015 14:11:30 UTC] PHP Notice:  Undefined index: query in /home/ubuntu/workspace/api/index.php on line 10
[17-Feb-2015 14:11:30 UTC] PHP Notice:  Undefined index: maxplayers in /home/ubuntu/workspace/api/index.php on line 16
[17-Feb-2015 14:11:42 UTC] PHP Notice:  Undefined index: query in /home/ubuntu/workspace/api/index.php on line 10
[17-Feb-2015 14:11:42 UTC] PHP Notice:  Undefined index: maxplayers in /home/ubuntu/workspace/api/index.php on line 16
[17-Feb-2015 14:12:42 UTC] PHP Notice:  Undefined index: query in /home/ubuntu/workspace/api/index.php on line 10
[17-Feb-2015 14:12:42 UTC] PHP Notice:  Undefined index: maxplayers in /home/ubuntu/workspace/api/index.php on line 16
[17-Feb-2015 14:15:33 UTC] PHP Notice:  Undefined index: query in /home/ubuntu/workspace/api/index.php on line 10
[17-Feb-2015 14:15:33 UTC] PHP Notice:  Undefined index: maxplayers in /home/ubuntu/workspace/api/index.php on line 16
[17-Feb-2015 14:15:34 UTC] PHP Notice:  Undefined index: query in /home/ubuntu/workspace/api/index.php on line 10
[17-Feb-2015 14:15:34 UTC] PHP Notice:  Undefined index: maxplayers in /home/ubuntu/workspace/api/index.php on line 16
[17-Feb-2015 14:15:37 UTC] PHP Notice:  Undefined index: query in /home/ubuntu/workspace/api/index.php on line 10
[17-Feb-2015 14:15:37 UTC] PHP Notice:  Undefined index: maxplayers in /home/ubuntu/workspace/api/index.php on line 16
[17-Feb-2015 14:15:51 UTC] PHP Notice:  Undefined index: query in /home/ubuntu/workspace/api/index.php on line 10
[17-Feb-2015 14:15:51 UTC] PHP Notice:  Undefined index: maxplayers in /home/ubuntu/workspace/api/index.php on line 16
[17-Feb-2015 14:15:56 UTC] PHP Notice:  Undefined index: query in /home/ubuntu/workspace/api/index.php on line 10
[17-Feb-2015 14:15:56 UTC] PHP Notice:  Undefined index: maxplayers in /home/ubuntu/workspace/api/index.php on line 16
[17-Feb-2015 14:44:11 UTC] PHP Notice:  Undefined index: query in /home/ubuntu/workspace/api/index.php on line 10
[17-Feb-2015 14:44:11 UTC] PHP Notice:  Undefined index: maxplayers in /home/ubuntu/workspace/api/index.php on line 16
[17-Feb-2015 14:44:56 UTC] PHP Notice:  Undefined index: query in /home/ubuntu/workspace/api/index.php on line 10
[17-Feb-2015 14:44:56 UTC] PHP Notice:  Undefined index: maxplayers in /home/ubuntu/workspace/api/index.php on line 16
[17-Feb-2015 14:44:57 UTC] PHP Notice:  Undefined index: query in /home/ubuntu/workspace/api/index.php on line 10
[17-Feb-2015 14:44:57 UTC] PHP Notice:  Undefined index: maxplayers in /home/ubuntu/workspace/api/index.php on line 16
[17-Feb-2015 14:45:12 UTC] PHP Notice:  Undefined index: query in /home/ubuntu/workspace/api/index.php on line 10
[17-Feb-2015 14:45:12 UTC] PHP Notice:  Undefined index: maxplayers in /home/ubuntu/workspace/api/index.php on line 16
[17-Feb-2015 14:45:12 UTC] PHP Notice:  Undefined index: query in /home/ubuntu/workspace/api/index.php on line 10
[17-Feb-2015 14:45:12 UTC] PHP Notice:  Undefined index: maxplayers in /home/ubuntu/workspace/api/index.php on line 16
[17-Feb-2015 14:45:14 UTC] PHP Notice:  Undefined index: query in /home/ubuntu/workspace/api/index.php on line 10
[17-Feb-2015 14:45:14 UTC] PHP Notice:  Undefined index: maxplayers in /home/ubuntu/workspace/api/index.php on line 16
[17-Feb-2015 14:45:27 UTC] PHP Notice:  Undefined index: query in /home/ubuntu/workspace/api/index.php on line 10
[17-Feb-2015 14:45:27 UTC] PHP Notice:  Undefined index: maxplayers in /home/ubuntu/workspace/api/index.php on line 16
[17-Feb-2015 15:01:06 UTC] PHP Notice:  Undefined index: query in /home/ubuntu/workspace/api/index.php on line 10
[17-Feb-2015 15:01:06 UTC] PHP Notice:  Undefined index: maxplayers in /home/ubuntu/workspace/api/index.php on line 16
[17-Feb-2015 15:04:29 UTC] PHP Notice:  Undefined index: maxplayers in /home/ubuntu/workspace/api/index.php on line 16
[17-Feb-2015 15:04:34 UTC] PHP Notice:  Undefined index: maxplayers in /home/ubuntu/workspace/api/index.php on line 16
[17-Feb-2015 15:04:37 UTC] PHP Notice:  Undefined index: maxplayers in /home/ubuntu/workspace/api/index.php on line 16
[17-Feb-2015 15:04:41 UTC] PHP Notice:  Undefined index: maxplayers in /home/ubuntu/workspace/api/index.php on line 16
[17-Feb-2015 15:04:44 UTC] PHP Notice:  Undefined index: maxplayers in /home/ubuntu/workspace/api/index.php on line 16
[17-Feb-2015 15:04:46 UTC] PHP Notice:  Undefined index: maxplayers in /home/ubuntu/workspace/api/index.php on line 16
[17-Feb-2015 15:10:29 UTC] PHP Notice:  Undefined variable: default in /home/ubuntu/workspace/api/index.php on line 34
[17-Feb-2015 15:10:29 UTC] PHP Fatal error:  Call to a member function execute() on a non-object in /home/ubuntu/workspace/api/index.php on line 37
[17-Feb-2015 15:11:08 UTC] PHP Notice:  Undefined variable: default in /home/ubuntu/workspace/api/index.php on line 34
[17-Feb-2015 15:11:08 UTC] PHP Fatal error:  Call to a member function execute() on a non-object in /home/ubuntu/workspace/api/index.php on line 37
[17-Feb-2015 15:11:41 UTC] PHP Notice:  Undefined variable: default in /home/ubuntu/workspace/api/index.php on line 34
[17-Feb-2015 15:11:41 UTC] PHP Fatal error:  Call to a member function execute() on a non-object in /home/ubuntu/workspace/api/index.php on line 37
[17-Feb-2015 15:11:45 UTC] PHP Notice:  Undefined variable: default in /home/ubuntu/workspace/api/index.php on line 34
[17-Feb-2015 15:11:45 UTC] PHP Fatal error:  Call to a member function execute() on a non-object in /home/ubuntu/workspace/api/index.php on line 37
[17-Feb-2015 15:11:54 UTC] PHP Notice:  Undefined variable: default in /home/ubuntu/workspace/api/index.php on line 34
[17-Feb-2015 15:11:54 UTC] PHP Fatal error:  Call to a member function execute() on a non-object in /home/ubuntu/workspace/api/index.php on line 37
[17-Feb-2015 15:12:41 UTC] PHP Notice:  Undefined variable: default in /home/ubuntu/workspace/api/index.php on line 34
[17-Feb-2015 15:12:41 UTC] PHP Notice:  Undefined variable: min in /home/ubuntu/workspace/api/index.php on line 34
[17-Feb-2015 15:12:41 UTC] PHP Fatal error:  Call to a member function execute() on a non-object in /home/ubuntu/workspace/api/index.php on line 37
[17-Feb-2015 15:14:20 UTC] PHP Notice:  Undefined variable: min in /home/ubuntu/workspace/api/index.php on line 37
[17-Feb-2015 15:14:20 UTC] PHP Fatal error:  Call to a member function execute() on a non-object in /home/ubuntu/workspace/api/index.php on line 40
[17-Feb-2015 15:14:56 UTC] PHP Fatal error:  Call to a member function execute() on a non-object in /home/ubuntu/workspace/api/index.php on line 41
[17-Feb-2015 15:16:30 UTC] PHP Notice:  Undefined variable: min in /home/ubuntu/workspace/api/index.php on line 35
[17-Feb-2015 15:16:30 UTC] PHP Fatal error:  Call to a member function execute() on a non-object in /home/ubuntu/workspace/api/index.php on line 38
[17-Feb-2015 15:18:19 UTC] PHP Notice:  Undefined variable: min in /home/ubuntu/workspace/api/index.php on line 36
[17-Feb-2015 15:18:19 UTC] PHP Fatal error:  Call to a member function execute() on a non-object in /home/ubuntu/workspace/api/index.php on line 39
[17-Feb-2015 15:26:59 UTC] PHP Parse error:  syntax error, unexpected '}' in /home/ubuntu/workspace/api/index.php on line 53
[17-Feb-2015 15:27:36 UTC] PHP Parse error:  syntax error, unexpected '}' in /home/ubuntu/workspace/api/index.php on line 54
[17-Feb-2015 15:27:38 UTC] PHP Parse error:  syntax error, unexpected '}' in /home/ubuntu/workspace/api/index.php on line 54
[17-Feb-2015 15:27:53 UTC] PHP Fatal error:  Call to a member function execute() on a non-object in /home/ubuntu/workspace/api/index.php on line 42
[17-Feb-2015 15:28:19 UTC] PHP Fatal error:  Call to a member function execute() on a non-object in /home/ubuntu/workspace/api/index.php on line 42
[17-Feb-2015 15:28:26 UTC] PHP Notice:  Use of undefined constant min - assumed 'min' in /home/ubuntu/workspace/api/index.php on line 32
[17-Feb-2015 15:28:26 UTC] PHP Fatal error:  Call to a member function execute() on a non-object in /home/ubuntu/workspace/api/index.php on line 42
[17-Feb-2015 15:29:03 UTC] PHP Fatal error:  Call to a member function execute() on a non-object in /home/ubuntu/workspace/api/index.php on line 42
[17-Feb-2015 15:32:11 UTC] PHP Notice:  Undefined index: query in /home/ubuntu/workspace/api/index.php on line 10
[18-Feb-2015 01:56:58 UTC] PHP Fatal error:  Call to a member function execute() on a non-object in /home/ubuntu/workspace/api/index.php on line 52
[18-Feb-2015 02:00:14 UTC] PHP Notice:  Undefined variable: query in /home/ubuntu/workspace/api/index.php on line 44
[18-Feb-2015 02:00:14 UTC] PHP Notice:  Undefined variable: query in /home/ubuntu/workspace/api/index.php on line 46
[18-Feb-2015 02:01:51 UTC] PHP Fatal error:  Call to a member function execute() on a non-object in /home/ubuntu/workspace/api/index.php on line 47
[18-Feb-2015 02:02:09 UTC] PHP Fatal error:  Call to a member function execute() on a non-object in /home/ubuntu/workspace/api/index.php on line 47
[18-Feb-2015 02:02:14 UTC] PHP Fatal error:  Call to a member function execute() on a non-object in /home/ubuntu/workspace/api/index.php on line 47
[18-Feb-2015 02:11:18 UTC] PHP Parse error:  syntax error, unexpected 'SELECT' (T_STRING) in /home/ubuntu/workspace/api/index.php on line 43
[18-Feb-2015 02:11:21 UTC] PHP Parse error:  syntax error, unexpected 'SELECT' (T_STRING) in /home/ubuntu/workspace/api/index.php on line 43
[18-Feb-2015 02:11:33 UTC] PHP Parse error:  syntax error, unexpected 'SELECT' (T_STRING) in /home/ubuntu/workspace/api/index.php on line 43
[18-Feb-2015 02:11:36 UTC] PHP Parse error:  syntax error, unexpected 'SELECT' (T_STRING) in /home/ubuntu/workspace/api/index.php on line 43
[18-Feb-2015 02:11:50 UTC] PHP Parse error:  syntax error, unexpected 'SELECT' (T_STRING) in /home/ubuntu/workspace/api/index.php on line 43
[18-Feb-2015 02:11:55 UTC] PHP Parse error:  syntax error, unexpected 'SELECT' (T_STRING) in /home/ubuntu/workspace/api/index.php on line 43
[18-Feb-2015 02:11:59 UTC] PHP Parse error:  syntax error, unexpected 'SELECT' (T_STRING) in /home/ubuntu/workspace/api/index.php on line 43
[18-Feb-2015 02:12:38 UTC] PHP Notice:  Undefined index: query in /home/ubuntu/workspace/api/index.php on line 10
[18-Feb-2015 02:14:11 UTC] PHP Notice:  Undefined index: query in /home/ubuntu/workspace/api/index.php on line 10
[18-Feb-2015 02:14:50 UTC] PHP Notice:  Undefined variable: query in /home/ubuntu/workspace/api/index.php on line 46
[18-Feb-2015 02:14:50 UTC] PHP Notice:  Undefined variable: query in /home/ubuntu/workspace/api/index.php on line 48
[18-Feb-2015 02:19:14 UTC] PHP Notice:  Undefined index: query in /home/ubuntu/workspace/api/index.php on line 10
[18-Feb-2015 02:24:10 UTC] PHP Notice:  Undefined index: query in /home/ubuntu/workspace/api/index.php on line 10
[18-Feb-2015 02:39:34 UTC] PHP Notice:  Undefined variable: query in /home/ubuntu/workspace/api/index.php on line 46
[18-Feb-2015 02:39:34 UTC] PHP Notice:  Undefined variable: query in /home/ubuntu/workspace/api/index.php on line 48
[18-Feb-2015 02:44:01 UTC] PHP Notice:  Undefined index: query in /home/ubuntu/workspace/api/index.php on line 10
[18-Feb-2015 02:44:19 UTC] PHP Notice:  Undefined index: query in /home/ubuntu/workspace/api/index.php on line 10
[19-Feb-2015 13:07:17 UTC] PHP Notice:  Undefined index: query in /home/ubuntu/workspace/api/index.php on line 10
[19-Feb-2015 13:21:33 UTC] PHP Notice:  Undefined index: query in /home/ubuntu/workspace/api/index.php on line 10
[19-Feb-2015 13:21:41 UTC] PHP Notice:  Undefined index: query in /home/ubuntu/workspace/api/index.php on line 10
[19-Feb-2015 13:23:16 UTC] PHP Notice:  Undefined index: query in /home/ubuntu/workspace/api/index.php on line 10
[19-Feb-2015 13:25:38 UTC] PHP Notice:  Undefined index: query in /home/ubuntu/workspace/api/index.php on line 10
[19-Feb-2015 13:25:43 UTC] PHP Notice:  Undefined index: query in /home/ubuntu/workspace/api/index.php on line 10
[19-Feb-2015 13:27:30 UTC] PHP Notice:  Undefined index: query in /home/ubuntu/workspace/api/index.php on line 10
[19-Feb-2015 13:27:32 UTC] PHP Notice:  Undefined index: query in /home/ubuntu/workspace/api/index.php on line 10
[19-Feb-2015 13:27:54 UTC] PHP Notice:  Undefined index: query in /home/ubuntu/workspace/api/index.php on line 10
[19-Feb-2015 13:30:27 UTC] PHP Notice:  Undefined variable: query in /home/ubuntu/workspace/api/index.php on line 46
[19-Feb-2015 13:30:30 UTC] PHP Notice:  Undefined variable: query in /home/ubuntu/workspace/api/index.php on line 46
[19-Feb-2015 13:31:23 UTC] PHP Notice:  Undefined variable: query in /home/ubuntu/workspace/api/index.php on line 46
[19-Feb-2015 13:31:26 UTC] PHP Notice:  Undefined variable: query in /home/ubuntu/workspace/api/index.php on line 46
[19-Feb-2015 13:38:28 UTC] PHP Notice:  Undefined variable: query in /home/ubuntu/workspace/api/index.php on line 46
[20-Feb-2015 17:05:20 UTC] PHP Notice:  Undefined index: query in /home/ubuntu/workspace/api/index.php on line 10
[20-Feb-2015 17:45:52 UTC] PHP Fatal error:  Call to a member function execute() on a non-object in /home/ubuntu/workspace/api/index.php on line 61
[25-Feb-2015 03:49:49 UTC] PHP Fatal error:  Call to a member function execute() on a non-object in /home/ubuntu/workspace/api/index.php on line 69
[25-Feb-2015 03:50:23 UTC] PHP Fatal error:  Call to a member function execute() on a non-object in /home/ubuntu/workspace/api/index.php on line 69
[25-Feb-2015 03:51:20 UTC] PHP Fatal error:  Call to a member function execute() on a non-object in /home/ubuntu/workspace/api/index.php on line 69
[25-Feb-2015 03:52:00 UTC] PHP Fatal error:  Call to a member function execute() on a non-object in /home/ubuntu/workspace/api/index.php on line 69
[25-Feb-2015 03:52:23 UTC] PHP Fatal error:  Call to a member function execute() on a non-object in /home/ubuntu/workspace/api/index.php on line 69
[25-Feb-2015 03:52:27 UTC] PHP Fatal error:  Call to a member function execute() on a non-object in /home/ubuntu/workspace/api/index.php on line 69
[25-Feb-2015 03:52:31 UTC] PHP Fatal error:  Call to a member function execute() on a non-object in /home/ubuntu/workspace/api/index.php on line 69
[25-Feb-2015 03:55:16 UTC] PHP Fatal error:  Call to a member function execute() on a non-object in /home/ubuntu/workspace/api/index.php on line 69
[26-Feb-2015 02:12:52 UTC] PHP Notice:  Undefined variable: query in /home/ubuntu/workspace/api/index.php on line 68
[26-Feb-2015 14:49:48 UTC] PHP Fatal error:  Call to a member function execute() on a non-object in /home/ubuntu/workspace/api/index.php on line 69
[26-Feb-2015 14:49:54 UTC] PHP Fatal error:  Call to a member function execute() on a non-object in /home/ubuntu/workspace/api/index.php on line 69
[26-Feb-2015 14:50:18 UTC] PHP Fatal error:  Call to a member function execute() on a non-object in /home/ubuntu/workspace/api/index.php on line 69
[26-Feb-2015 14:50:43 UTC] PHP Fatal error:  Call to a member function execute() on a non-object in /home/ubuntu/workspace/api/index.php on line 69
[26-Feb-2015 14:51:09 UTC] PHP Fatal error:  Call to a member function execute() on a non-object in /home/ubuntu/workspace/api/index.php on line 69
[26-Feb-2015 14:51:11 UTC] PHP Fatal error:  Call to a member function execute() on a non-object in /home/ubuntu/workspace/api/index.php on line 69
[26-Feb-2015 14:52:11 UTC] PHP Fatal error:  Call to a member function execute() on a non-object in /home/ubuntu/workspace/api/index.php on line 69
[26-Feb-2015 14:52:59 UTC] PHP Fatal error:  Call to a member function execute() on a non-object in /home/ubuntu/workspace/api/index.php on line 69
[26-Feb-2015 14:53:02 UTC] PHP Fatal error:  Call to a member function execute() on a non-object in /home/ubuntu/workspace/api/index.php on line 69
[26-Feb-2015 14:53:20 UTC] PHP Fatal error:  Call to a member function execute() on a non-object in /home/ubuntu/workspace/api/index.php on line 69
[26-Feb-2015 14:54:16 UTC] PHP Fatal error:  Call to a member function execute() on a non-object in /home/ubuntu/workspace/api/index.php on line 69
[26-Feb-2015 14:54:53 UTC] PHP Fatal error:  Call to a member function execute() on a non-object in /home/ubuntu/workspace/api/index.php on line 69
[26-Feb-2015 15:02:58 UTC] PHP Fatal error:  Call to a member function execute() on a non-object in /home/ubuntu/workspace/api/index.php on line 69
[26-Feb-2015 15:03:45 UTC] PHP Notice:  Undefined index: query in /home/ubuntu/workspace/api/index.php on line 10
[26-Feb-2015 15:03:54 UTC] PHP Fatal error:  Call to a member function execute() on a non-object in /home/ubuntu/workspace/api/index.php on line 69
[26-Feb-2015 15:04:15 UTC] PHP Fatal error:  Call to a member function execute() on a non-object in /home/ubuntu/workspace/api/index.php on line 69
[26-Feb-2015 15:06:23 UTC] PHP Fatal error:  Call to a member function execute() on a non-object in /home/ubuntu/workspace/api/index.php on line 69
[26-Feb-2015 15:08:04 UTC] PHP Fatal error:  Call to a member function execute() on a non-object in /home/ubuntu/workspace/api/index.php on line 69
[26-Feb-2015 15:08:09 UTC] PHP Fatal error:  Call to a member function execute() on a non-object in /home/ubuntu/workspace/api/index.php on line 69
[26-Feb-2015 15:08:11 UTC] PHP Fatal error:  Call to a member function execute() on a non-object in /home/ubuntu/workspace/api/index.php on line 69
[26-Feb-2015 15:08:13 UTC] PHP Fatal error:  Call to a member function execute() on a non-object in /home/ubuntu/workspace/api/index.php on line 69
[26-Feb-2015 15:09:23 UTC] PHP Notice:  Undefined variable: rating in /home/ubuntu/workspace/api/index.php on line 54
[26-Feb-2015 15:09:23 UTC] PHP Notice:  Undefined variable: rating in /home/ubuntu/workspace/api/index.php on line 54
[26-Feb-2015 15:09:23 UTC] PHP Fatal error:  Call to a member function execute() on a non-object in /home/ubuntu/workspace/api/index.php on line 69
